==============================================================================

                  ------ MOMENTUM STATISTICS (MW mode) ------

              Momentum MomEngine_64 2021.10.414 (*) built: Oct 15 2020
                           Tue Apr  6 14:06:43 2021

==============================================================================


------------------------------------------------------------------------------
MESH
------------------------------------------------------------------------------
 Frequency          : 100 GHz

 Rectangular cells  : 156
 Quadrangular cells : 87
 Triangular cells   : 26
 Via cells          : 24

 Edge currents      : 346

------------------------------------------------------------------------------
SOLVER                        USER TIME      ELAPSED TIME      MEMORY         
PROCESSES                      (h:m:s)          (h:m:s)         (MB)          
------------------------------------------------------------------------------

SIMULATION SET-UP
-----------------
 Initialization           |     0: 0: 2   |     0: 0: 3   |    350.72   
 Ports analysis           |     0: 0: 0   |     0: 0: 0   |      0.06   
 Mesh processing          |     0: 0: 0   |     0: 0: 0   |     52.89   

 Matrix size : 2050
 Reduced matrix size : 1813
 Estimated process size is below 256.00 MB

 Simulation temperature : 298.15 K

1. SIMULATION FREQUENCY = 1 GHz 
-------------------------
 Green functions          |     0: 0: 4   |     0: 0: 0   |      1.60   
 Basis creation           |     0: 0: 0   |     0: 0: 1   |     21.60   
 Matrix load              |     0: 0:10   |     0: 0: 1   |     85.65   
 Matrix solve             |     0: 0: 0   |     0: 0: 1   |      0.97   
 S parameters             |     0: 0: 0   |     0: 0: 0   |      0.00   

2. SIMULATION FREQUENCY = 100 GHz 
-------------------------
 Green functions          |     0: 0: 4   |     0: 0: 0   |      0.00   
 Matrix load              |     0: 0:10   |     0: 0: 2   |     14.95   
 Matrix solve             |     0: 0: 0   |     0: 0: 0   |      0.00   
 S parameters             |     0: 0: 0   |     0: 0: 0   |      0.00   
 Adaptive sampling        |     0: 0: 0   |     0: 0: 0   |      0.00   

3. SIMULATION FREQUENCY = 67 GHz 
-------------------------
 Green functions          |     0: 0: 4   |     0: 0: 1   |      0.00   
 Matrix load              |     0: 0: 9   |     0: 0: 2   |      1.58   
 Matrix solve             |     0: 0: 1   |     0: 0: 0   |      0.00   
 S parameters             |     0: 0: 0   |     0: 0: 0   |      0.00   
 Adaptive sampling        |     0: 0: 0   |     0: 0: 0   |      0.00   

4. SIMULATION FREQUENCY = 34 GHz 
-------------------------
 Green functions          |     0: 0: 3   |     0: 0: 0   |      0.00   
 Matrix load              |     0: 0:10   |     0: 0: 2   |      0.36   
 Matrix solve             |     0: 0: 1   |     0: 0: 0   |      0.00   
 S parameters             |     0: 0: 0   |     0: 0: 0   |      0.00   
 Adaptive sampling        |     0: 0: 0   |     0: 0: 1   |      0.00   

5. SIMULATION FREQUENCY = 45 GHz 
-------------------------
 Green functions          |     0: 0: 3   |     0: 0: 0   |      0.00   
 Matrix load              |     0: 0:13   |     0: 0: 3   |      0.77   
 Matrix solve             |     0: 0: 1   |     0: 0: 0   |      0.00   
 S parameters             |     0: 0: 0   |     0: 0: 0   |      0.00   
 Adaptive sampling        |     0: 0: 0   |     0: 0: 0   |      0.00   

6. SIMULATION FREQUENCY = 17.5 GHz 
-------------------------
 Green functions          |     0: 0: 5   |     0: 0: 1   |      0.00   
 Matrix load              |     0: 0:14   |     0: 0: 2   |      0.01   
 Matrix solve             |     0: 0: 1   |     0: 0: 0   |      0.00   
 S parameters             |     0: 0: 0   |     0: 0: 0   |      0.00   
 Adaptive sampling        |     0: 0: 0   |     0: 0: 1   |      0.00   

7. SIMULATION FREQUENCY = 9.25 GHz 
-------------------------
 Green functions          |     0: 0: 5   |     0: 0: 0   |      0.00   
 Matrix load              |     0: 0:15   |     0: 0: 3   |      0.00   
 Matrix solve             |     0: 0: 0   |     0: 0: 0   |      0.00   
 S parameters             |     0: 0: 0   |     0: 0: 0   |      0.00   
 Adaptive sampling        |     0: 0: 0   |     0: 0: 0   |      0.00   

8. SIMULATION FREQUENCY = 13.375 GHz 
-------------------------
 Green functions          |     0: 0: 6   |     0: 0: 1   |      0.00   
 Matrix load              |     0: 0:14   |     0: 0: 3   |      0.00   
 Matrix solve             |     0: 0: 1   |     0: 0: 0   |      0.00   
 S parameters             |     0: 0: 0   |     0: 0: 0   |      0.00   
 Adaptive sampling        |     0: 0: 0   |     0: 0: 0   |      0.00   

9. SIMULATION FREQUENCY = 5.125 GHz 
-------------------------
 Green functions          |     0: 0: 5   |     0: 0: 1   |      0.00   
 Matrix load              |     0: 0:14   |     0: 0: 2   |      0.18   
 Matrix solve             |     0: 0: 1   |     0: 0: 1   |      0.00   
 S parameters             |     0: 0: 0   |     0: 0: 0   |      0.00   
 Adaptive sampling        |     0: 0: 0   |     0: 0: 0   |      0.00   

10. SIMULATION FREQUENCY = 41.3333 GHz 
-------------------------
 Green functions          |     0: 0: 5   |     0: 0: 0   |      0.00   
 Matrix load              |     0: 0:14   |     0: 0: 3   |      0.02   
 Matrix solve             |     0: 0: 1   |     0: 0: 0   |      0.00   
 S parameters             |     0: 0: 0   |     0: 0: 0   |      0.00   
 Adaptive sampling        |     0: 0: 0   |     0: 0: 0   |      0.00   

11. SIMULATION FREQUENCY = 59.6667 GHz 
-------------------------
 Green functions          |     0: 0: 5   |     0: 0: 1   |      0.00   
 Matrix load              |     0: 0:15   |     0: 0: 3   |      0.07   
 Matrix solve             |     0: 0: 1   |     0: 0: 0   |      0.00   
 S parameters             |     0: 0: 0   |     0: 0: 0   |      0.00   
 Adaptive sampling        |     0: 0: 0   |     0: 0: 0   |      0.00   

12. SIMULATION FREQUENCY = 72.5 GHz 
-------------------------
 Green functions          |     0: 0: 5   |     0: 0: 1   |      0.00   
 Matrix load              |     0: 0:14   |     0: 0: 3   |      0.01   
 Matrix solve             |     0: 0: 1   |     0: 0: 0   |      0.00   
 S parameters             |     0: 0: 0   |     0: 0: 0   |      0.00   
 Adaptive sampling        |     0: 0: 0   |     0: 0: 0   |      0.00   

13. SIMULATION FREQUENCY = 54.7778 GHz 
-------------------------
 Green functions          |     0: 0: 5   |     0: 0: 1   |      0.00   
 Matrix load              |     0: 0:14   |     0: 0: 2   |      0.30   
 Matrix solve             |     0: 0: 1   |     0: 0: 0   |      0.00   
 S parameters             |     0: 0: 0   |     0: 0: 0   |      0.00   
 Adaptive sampling        |     0: 0: 0   |     0: 0: 0   |      0.00   

14. SIMULATION FREQUENCY = 23 GHz 
-------------------------
 Green functions          |     0: 0: 5   |     0: 0: 1   |      0.00   
 Matrix load              |     0: 0:14   |     0: 0: 3   |      0.00   
 Matrix solve             |     0: 0: 1   |     0: 0: 0   |      0.00   
 S parameters             |     0: 0: 0   |     0: 0: 0   |      0.00   
 Adaptive sampling        |     0: 0: 0   |     0: 0: 0   |      0.00   

15. SIMULATION FREQUENCY = 46.6296 GHz 
-------------------------
 Green functions          |     0: 0: 5   |     0: 0: 1   |      0.00   
 Matrix load              |     0: 0:14   |     0: 0: 3   |      0.01   
 Matrix solve             |     0: 0: 1   |     0: 0: 0   |      0.00   
 S parameters             |     0: 0: 0   |     0: 0: 0   |      0.00   
 Adaptive sampling        |     0: 0: 0   |     0: 0: 0   |      0.00   

16. SIMULATION FREQUENCY = 1.6875 GHz 
-------------------------
 Green functions          |     0: 0: 5   |     0: 0: 1   |      0.00   
 Matrix load              |     0: 0:14   |     0: 0: 2   |      0.00   
 Matrix solve             |     0: 0: 1   |     0: 0: 1   |      0.00   
 S parameters             |     0: 0: 0   |     0: 0: 0   |      0.00   
 Adaptive sampling        |     0: 0: 0   |     0: 0: 0   |      0.00   

17. SIMULATION FREQUENCY = 20.25 GHz 
-------------------------
 Green functions          |     0: 0: 5   |     0: 0: 0   |      0.00   
 Matrix load              |     0: 0:14   |     0: 0: 3   |      0.00   
 Matrix solve             |     0: 0: 1   |     0: 0: 0   |      0.00   
 S parameters             |     0: 0: 0   |     0: 0: 0   |      0.00   
 Adaptive sampling        |     0: 0: 0   |     0: 0: 0   |      0.00   

18. SIMULATION FREQUENCY = 30.3333 GHz 
-------------------------
 Green functions          |     0: 0: 6   |     0: 0: 1   |      0.00   
 Matrix load              |     0: 0:14   |     0: 0: 3   |      0.11   
 Matrix solve             |     0: 0: 0   |     0: 0: 0   |      0.00   
 S parameters             |     0: 0: 0   |     0: 0: 0   |      0.00   
 Adaptive sampling        |     0: 0: 1   |     0: 0: 0   |      0.00   

19. SIMULATION FREQUENCY = 47.9877 GHz 
-------------------------
 Green functions          |     0: 0: 5   |     0: 0: 1   |      0.00   
 Matrix load              |     0: 0:14   |     0: 0: 3   |      0.00   
 Matrix solve             |     0: 0: 1   |     0: 0: 0   |      0.00   
 S parameters             |     0: 0: 0   |     0: 0: 0   |      0.00   
 Adaptive sampling        |     0: 0: 1   |     0: 0: 0   |      0.00   

20. SIMULATION FREQUENCY = 86.25 GHz 
-------------------------
 Green functions          |     0: 0: 5   |     0: 0: 1   |      0.00   
 Matrix load              |     0: 0:14   |     0: 0: 3   |      0.04   
 Matrix solve             |     0: 0: 1   |     0: 0: 0   |      0.00   
 S parameters             |     0: 0: 0   |     0: 0: 0   |      0.00   
 Adaptive sampling        |     0: 0: 1   |     0: 0: 0   |      0.00   

21. SIMULATION FREQUENCY = 81.6667 GHz 
-------------------------
 Green functions          |     0: 0: 6   |     0: 0: 1   |      0.00   
 Matrix load              |     0: 0:14   |     0: 0: 3   |      0.07   
 Matrix solve             |     0: 0: 0   |     0: 0: 0   |      0.00   
 S parameters             |     0: 0: 0   |     0: 0: 0   |      0.00   
 Adaptive sampling        |     0: 0: 2   |     0: 0: 0   |      0.00   

22. SIMULATION FREQUENCY = 90.8333 GHz 
-------------------------
 Green functions          |     0: 0: 5   |     0: 0: 1   |      0.00   
 Matrix load              |     0: 0:14   |     0: 0: 3   |      0.01   
 Matrix solve             |     0: 0: 1   |     0: 0: 0   |      0.00   
 S parameters             |     0: 0: 0   |     0: 0: 0   |      0.00   
 Adaptive sampling        |     0: 0: 1   |     0: 0: 0   |      0.00   

23. SIMULATION FREQUENCY = 93.8889 GHz 
-------------------------
 Green functions          |     0: 0: 6   |     0: 0: 1   |      0.00   
 Matrix load              |     0: 0:14   |     0: 0: 3   |      0.05   
 Matrix solve             |     0: 0: 0   |     0: 0: 0   |      0.00   
 S parameters             |     0: 0: 0   |     0: 0: 0   |      0.00   
 Adaptive sampling        |     0: 0: 2   |     0: 0: 0   |      0.00   

24. SIMULATION FREQUENCY = 96.9444 GHz 
-------------------------
 Green functions          |     0: 0: 5   |     0: 0: 1   |      0.00   
 Matrix load              |     0: 0:14   |     0: 0: 3   |      0.02   
 Matrix solve             |     0: 0: 0   |     0: 0: 0   |      0.00   
 S parameters             |     0: 0: 0   |     0: 0: 0   |      0.00   
 Adaptive sampling        |     0: 0: 3   |     0: 0: 0   |      0.00   

25. SIMULATION FREQUENCY = 18.875 GHz 
-------------------------
 Green functions          |     0: 0: 5   |     0: 0: 1   |      0.00   
 Matrix load              |     0: 0:14   |     0: 0: 3   |      0.00   
 Matrix solve             |     0: 0: 0   |     0: 0: 0   |      0.00   
 S parameters             |     0: 0: 0   |     0: 0: 0   |      0.00   
 Adaptive sampling        |     0: 0: 1   |     0: 0: 0   |      0.00   

26. SIMULATION FREQUENCY = 58.8519 GHz 
-------------------------
 Green functions          |     0: 0: 5   |     0: 0: 1   |      0.00   
 Matrix load              |     0: 0:14   |     0: 0: 3   |      0.03   
 Matrix solve             |     0: 0: 1   |     0: 0: 0   |      0.00   
 S parameters             |     0: 0: 0   |     0: 0: 0   |      0.00   
 Adaptive sampling        |     0: 0: 0   |     0: 0: 0   |      0.00   

27. SIMULATION FREQUENCY = 62.1111 GHz 
-------------------------
 Green functions          |     0: 0: 5   |     0: 0: 1   |      0.00   
 Matrix load              |     0: 0:14   |     0: 0: 2   |      0.04   
 Matrix solve             |     0: 0: 1   |     0: 0: 0   |      0.00   
 S parameters             |     0: 0: 0   |     0: 0: 0   |      0.00   
 Adaptive sampling        |     0: 0: 0   |     0: 0: 1   |      0.00   

28. SIMULATION FREQUENCY = 37.6667 GHz 
-------------------------
 Green functions          |     0: 0: 5   |     0: 0: 0   |      0.00   
 Matrix load              |     0: 0:14   |     0: 0: 3   |      0.00   
 Matrix solve             |     0: 0: 1   |     0: 0: 0   |      0.00   
 S parameters             |     0: 0: 0   |     0: 0: 0   |      0.00   
 Adaptive sampling        |     0: 0: 0   |     0: 0: 0   |      0.00   

29. SIMULATION FREQUENCY = 17.9583 GHz 
-------------------------
 Green functions          |     0: 0: 5   |     0: 0: 1   |      0.00   
 Matrix load              |     0: 0:14   |     0: 0: 3   |      0.00   
 Matrix solve             |     0: 0: 1   |     0: 0: 0   |      0.00   
 S parameters             |     0: 0: 0   |     0: 0: 0   |      0.00   
 Adaptive sampling        |     0: 0: 0   |     0: 0: 0   |      0.00   

30. SIMULATION FREQUENCY = 3.97917 GHz 
-------------------------
 Green functions          |     0: 0: 5   |     0: 0: 1   |      0.00   
 Matrix load              |     0: 0:15   |     0: 0: 2   |      0.00   
 Matrix solve             |     0: 0: 0   |     0: 0: 1   |      0.00   
 S parameters             |     0: 0: 0   |     0: 0: 0   |      0.00   
 Adaptive sampling        |     0: 0: 1   |     0: 0: 0   |      0.00   

31. SIMULATION FREQUENCY = 27.8889 GHz 
-------------------------
 Green functions          |     0: 0: 5   |     0: 0: 0   |      0.00   
 Matrix load              |     0: 0:14   |     0: 0: 3   |      0.00   
 Matrix solve             |     0: 0: 0   |     0: 0: 0   |      0.00   
 S parameters             |     0: 0: 0   |     0: 0: 0   |      0.00   
 Adaptive sampling        |     0: 0: 1   |     0: 0: 0   |      0.00   

32. SIMULATION FREQUENCY = 43.7778 GHz 
-------------------------
 Green functions          |     0: 0: 5   |     0: 0: 1   |      0.00   
 Matrix load              |     0: 0:14   |     0: 0: 3   |      0.00   
 Matrix solve             |     0: 0: 1   |     0: 0: 0   |      0.00   
 S parameters             |     0: 0: 0   |     0: 0: 0   |      0.00   
 Adaptive sampling        |     0: 0: 1   |     0: 0: 0   |      0.00   

33. SIMULATION FREQUENCY = 15.4375 GHz 
-------------------------
 Green functions          |     0: 0: 5   |     0: 0: 1   |      0.00   
 Matrix load              |     0: 0:13   |     0: 0: 3   |      0.00   
 Matrix solve             |     0: 0: 1   |     0: 0: 0   |      0.00   
 S parameters             |     0: 0: 0   |     0: 0: 0   |      0.00   
 Adaptive sampling        |     0: 0: 2   |     0: 0: 0   |      0.00   

34. SIMULATION FREQUENCY = 38.8889 GHz 
-------------------------
 Green functions          |     0: 0: 5   |     0: 0: 1   |      0.00   
 Matrix load              |     0: 0:13   |     0: 0: 3   |      0.00   
 Matrix solve             |     0: 0: 1   |     0: 0: 0   |      0.00   
 S parameters             |     0: 0: 0   |     0: 0: 0   |      0.00   
 Adaptive sampling        |     0: 0: 1   |     0: 0: 0   |      0.00   

35. SIMULATION FREQUENCY = 42.1481 GHz 
-------------------------
 Green functions          |     0: 0: 5   |     0: 0: 1   |      0.00   
 Matrix load              |     0: 0:14   |     0: 0: 3   |      0.00   
 Matrix solve             |     0: 0: 1   |     0: 0: 0   |      0.00   
 S parameters             |     0: 0: 0   |     0: 0: 0   |      0.00   
 Adaptive sampling        |     0: 0: 2   |     0: 0: 0   |      0.00   

36. SIMULATION FREQUENCY = 39.7037 GHz 
-------------------------
 Green functions          |     0: 0: 5   |     0: 0: 1   |      0.00   
 Matrix load              |     0: 0:14   |     0: 0: 3   |      0.00   
 Matrix solve             |     0: 0: 1   |     0: 0: 0   |      0.00   
 S parameters             |     0: 0: 0   |     0: 0: 0   |      0.00   
 Adaptive sampling        |     0: 0: 2   |     0: 0: 0   |      0.00   

37. SIMULATION FREQUENCY = 11.3125 GHz 
-------------------------
 Green functions          |     0: 0: 5   |     0: 0: 1   |      0.00   
 Matrix load              |     0: 0:15   |     0: 0: 3   |      0.00   
 Matrix solve             |     0: 0: 1   |     0: 0: 0   |      0.00   
 S parameters             |     0: 0: 0   |     0: 0: 0   |      0.00   
 Adaptive sampling        |     0: 0: 2   |     0: 0: 1   |      0.00   

38. SIMULATION FREQUENCY = 7.875 GHz 
-------------------------
 Green functions          |     0: 0: 5   |     0: 0: 1   |      0.00   
 Matrix load              |     0: 0:14   |     0: 0: 3   |      0.02   
 Matrix solve             |     0: 0: 1   |     0: 0: 0   |      0.00   
 S parameters             |     0: 0: 0   |     0: 0: 0   |      0.00   
 Adaptive sampling        |     0: 0: 2   |     0: 0: 0   |      0.00   

39. SIMULATION FREQUENCY = 16.4688 GHz 
-------------------------
 Green functions          |     0: 0: 5   |     0: 0: 1   |      0.00   
 Matrix load              |     0: 0:15   |     0: 0: 3   |      0.00   
 Matrix solve             |     0: 0: 0   |     0: 0: 0   |      0.00   
 S parameters             |     0: 0: 0   |     0: 0: 0   |      0.00   
 Adaptive sampling        |     0: 0: 1   |     0: 0: 0   |      0.00   

40. SIMULATION FREQUENCY = 14.75 GHz 
-------------------------
 Green functions          |     0: 0: 5   |     0: 0: 1   |      0.00   
 Matrix load              |     0: 0:14   |     0: 0: 3   |      0.00   
 Matrix solve             |     0: 0: 1   |     0: 0: 0   |      0.00   
 S parameters             |     0: 0: 0   |     0: 0: 0   |      0.00   
 Adaptive sampling        |     0: 0: 0   |     0: 0: 0   |      0.00   

41. SIMULATION FREQUENCY = 51.3827 GHz 
-------------------------
 Green functions          |     0: 0: 6   |     0: 0: 1   |      0.00   
 Matrix load              |     0: 0:14   |     0: 0: 3   |      0.00   
 Matrix solve             |     0: 0: 0   |     0: 0: 0   |      0.00   
 S parameters             |     0: 0: 0   |     0: 0: 0   |      0.00   
 Adaptive sampling        |     0: 0: 1   |     0: 0: 0   |      0.00   

42. SIMULATION FREQUENCY = 87.7778 GHz 
-------------------------
 Green functions          |     0: 0: 5   |     0: 0: 1   |      0.00   
 Matrix load              |     0: 0:14   |     0: 0: 2   |      0.01   
 Matrix solve             |     0: 0: 0   |     0: 0: 1   |      0.00   
 S parameters             |     0: 0: 0   |     0: 0: 0   |      0.00   
 Adaptive sampling        |     0: 0: 1   |     0: 0: 0   |      0.00   

43. SIMULATION FREQUENCY = 78.6111 GHz 
-------------------------
 Green functions          |     0: 0: 5   |     0: 0: 0   |      0.00   
 Matrix load              |     0: 0:14   |     0: 0: 3   |      0.02   
 Matrix solve             |     0: 0: 1   |     0: 0: 0   |      0.00   
 S parameters             |     0: 0: 0   |     0: 0: 0   |      0.00   
 Adaptive sampling        |     0: 0: 1   |     0: 0: 1   |      0.00   

44. SIMULATION FREQUENCY = 75.5556 GHz 
-------------------------
 Green functions          |     0: 0: 5   |     0: 0: 0   |      0.00   
 Matrix load              |     0: 0:14   |     0: 0: 3   |      0.00   
 Matrix solve             |     0: 0: 0   |     0: 0: 0   |      0.00   
 S parameters             |     0: 0: 0   |     0: 0: 0   |      0.00   
 Adaptive sampling        |     0: 0: 1   |     0: 0: 0   |      0.00   

45. SIMULATION FREQUENCY = 50.8169 GHz 
-------------------------
 Green functions          |     0: 0: 6   |     0: 0: 1   |      0.00   
 Matrix load              |     0: 0:14   |     0: 0: 3   |      0.00   
 Matrix solve             |     0: 0: 0   |     0: 0: 0   |      0.00   
 S parameters             |     0: 0: 0   |     0: 0: 0   |      0.00   
 Adaptive sampling        |     0: 0: 1   |     0: 0: 0   |      0.00   

46. SIMULATION FREQUENCY = 64.5556 GHz 
-------------------------
 Green functions          |     0: 0: 5   |     0: 0: 1   |      0.00   
 Matrix load              |     0: 0:14   |     0: 0: 3   |      0.00   
 Matrix solve             |     0: 0: 1   |     0: 0: 0   |      0.00   
 S parameters             |     0: 0: 0   |     0: 0: 0   |      0.00   
 Adaptive sampling        |     0: 0: 2   |     0: 0: 1   |      0.00   

47. SIMULATION FREQUENCY = 76.5741 GHz 
-------------------------
 Green functions          |     0: 0: 6   |     0: 0: 0   |      0.00   
 Matrix load              |     0: 0:14   |     0: 0: 3   |      0.05   
 Matrix solve             |     0: 0: 0   |     0: 0: 0   |      0.00   
 S parameters             |     0: 0: 0   |     0: 0: 0   |      0.00   
 Adaptive sampling        |     0: 0: 3   |     0: 0: 1   |      0.00   

48. SIMULATION FREQUENCY = 65.3704 GHz 
-------------------------
 Green functions          |     0: 0: 5   |     0: 0: 0   |      0.00   
 Matrix load              |     0: 0:14   |     0: 0: 3   |      0.00   
 Matrix solve             |     0: 0: 1   |     0: 0: 0   |      0.00   
 S parameters             |     0: 0: 0   |     0: 0: 0   |      0.00   
 Adaptive sampling        |     0: 0: 2   |     0: 0: 1   |      0.00   

49. SIMULATION FREQUENCY = 62.9259 GHz 
-------------------------
 Green functions          |     0: 0: 5   |     0: 0: 1   |      0.00   
 Matrix load              |     0: 0:14   |     0: 0: 2   |      0.00   
 Matrix solve             |     0: 0: 0   |     0: 0: 0   |      0.00   
 S parameters             |     0: 0: 0   |     0: 0: 0   |      0.00   
 Adaptive sampling        |     0: 0: 3   |     0: 0: 1   |      0.00   

50. SIMULATION FREQUENCY = 84.7222 GHz 
-------------------------
 Green functions          |     0: 0: 5   |     0: 0: 1   |      0.00   
 Matrix load              |     0: 0:14   |     0: 0: 2   |      0.03   
 Matrix solve             |     0: 0: 0   |     0: 0: 1   |      0.00   
 S parameters             |     0: 0: 0   |     0: 0: 0   |      0.00   
 Adaptive sampling        |     0: 0: 1   |     0: 0: 0   |      0.00   

------------------------------------------------------------------------------
TOTALS
------------------------------------------------------------------------------
 Nr of Frequencies   : 50 

 Physical memory :   532.25 MB
 Virtual memory  :   582.08 MB
 Page faults     :      286431
 User Time       :    0h16m52s
 Elapsed Time    :    0h 3m12s

==============================================================================

